PrismaClientKnownRequestError: 
Invalid `__TURBOPACK__imported__module__$5b$project$5d2f$lib$2f$prisma$2e$ts__$5b$app$2d$route$5d$__$28$ecmascript$29$__["prisma"].managementProfile.findUnique()` invocation in
/Users/tiagocosta18/Documents/antigravity/blissful-rutherford/bullquant/.next/dev/server/chunks/[root-of-the-server]__0l_ik94._.js:160:170

  157     });
  158 }
  159 // 1. Check Cache
→ 160 const cached = await __TURBOPACK__imported__module__$5b$project$5d2f$lib$2f$prisma$2e$ts__$5b$app$2d$route$5d$__$28$ecmascript$29$__["prisma"].managementProfile.findUnique(
The column `management_profile.tenure` does not exist in the current database.\nPrismaClientKnownRequestError: 
Invalid `__TURBOPACK__imported__module__$5b$project$5d2f$lib$2f$prisma$2e$ts__$5b$app$2d$route$5d$__$28$ecmascript$29$__["prisma"].managementProfile.findUnique()` invocation in
/Users/tiagocosta18/Documents/antigravity/blissful-rutherford/bullquant/.next/dev/server/chunks/[root-of-the-server]__0l_ik94._.js:160:170

  157     });
  158 }
  159 // 1. Check Cache
→ 160 const cached = await __TURBOPACK__imported__module__$5b$project$5d2f$lib$2f$prisma$2e$ts__$5b$app$2d$route$5d$__$28$ecmascript$29$__["prisma"].managementProfile.findUnique(
The column `management_profile.tenure` does not exist in the current database.
    at ei.handleRequestError (/Users/tiagocosta18/Documents/antigravity/blissful-rutherford/bullquant/node_modules/@prisma/client/runtime/library.js:121:7268)
    at ei.handleAndLogRequestError (/Users/tiagocosta18/Documents/antigravity/blissful-rutherford/bullquant/node_modules/@prisma/client/runtime/library.js:121:6593)
    at ei.request (/Users/tiagocosta18/Documents/antigravity/blissful-rutherford/bullquant/node_modules/@prisma/client/runtime/library.js:121:6300)
    at async a (/Users/tiagocosta18/Documents/antigravity/blissful-rutherford/bullquant/node_modules/@prisma/client/runtime/library.js:130:9551)
    at async GET (/Users/tiagocosta18/Documents/antigravity/blissful-rutherford/bullquant/.next/dev/server/chunks/[root-of-the-server]__0l_ik94._.js:160:24)
    at async AppRouteRouteModule.do (/Users/tiagocosta18/Documents/antigravity/blissful-rutherford/bullquant/node_modules/next/dist/compiled/next-server/app-route-turbo.runtime.dev.js:5:40131)
    at async AppRouteRouteModule.handle (/Users/tiagocosta18/Documents/antigravity/blissful-rutherford/bullquant/node_modules/next/dist/compiled/next-server/app-route-turbo.runtime.dev.js:5:47411)
    at async responseGenerator (/Users/tiagocosta18/Documents/antigravity/blissful-rutherford/bullquant/.next/dev/server/chunks/node_modules_next_1ngz2-0._.js:17767:38)
    at async AppRouteRouteModule.handleResponse (/Users/tiagocosta18/Documents/antigravity/blissful-rutherford/bullquant/node_modules/next/dist/compiled/next-server/app-route-turbo.runtime.dev.js:1:228552)
    at async handleResponse (/Users/tiagocosta18/Documents/antigravity/blissful-rutherford/bullquant/.next/dev/server/chunks/node_modules_next_1ngz2-0._.js:17830:32)
    at async Module.handler (/Users/tiagocosta18/Documents/antigravity/blissful-rutherford/bullquant/.next/dev/server/chunks/node_modules_next_1ngz2-0._.js:17884:13)
    at async DevServer.renderToResponseWithComponentsImpl (/Users/tiagocosta18/Documents/antigravity/blissful-rutherford/bullquant/node_modules/next/dist/server/base-server.js:1462:9)
    at async DevServer.renderPageComponent (/Users/tiagocosta18/Documents/antigravity/blissful-rutherford/bullquant/node_modules/next/dist/server/base-server.js:1514:24)
    at async DevServer.renderToResponseImpl (/Users/tiagocosta18/Documents/antigravity/blissful-rutherford/bullquant/node_modules/next/dist/server/base-server.js:1564:32)
    at async DevServer.pipeImpl (/Users/tiagocosta18/Documents/antigravity/blissful-rutherford/bullquant/node_modules/next/dist/server/base-server.js:1044:25)
    at async NextNodeServer.handleCatchallRenderRequest (/Users/tiagocosta18/Documents/antigravity/blissful-rutherford/bullquant/node_modules/next/dist/server/next-server.js:338:17)
    at async DevServer.handleRequestImpl (/Users/tiagocosta18/Documents/antigravity/blissful-rutherford/bullquant/node_modules/next/dist/server/base-server.js:935:17)
    at async /Users/tiagocosta18/Documents/antigravity/blissful-rutherford/bullquant/node_modules/next/dist/server/dev/next-dev-server.js:394:20
    at async Span.traceAsyncFn (/Users/tiagocosta18/Documents/antigravity/blissful-rutherford/bullquant/node_modules/next/dist/trace/trace.js:164:20)
    at async DevServer.handleRequest (/Users/tiagocosta18/Documents/antigravity/blissful-rutherford/bullquant/node_modules/next/dist/server/dev/next-dev-server.js:390:24)
    at async invokeRender (/Users/tiagocosta18/Documents/antigravity/blissful-rutherford/bullquant/node_modules/next/dist/server/lib/router-server.js:266:21)
    at async handleRequest (/Users/tiagocosta18/Documents/antigravity/blissful-rutherford/bullquant/node_modules/next/dist/server/lib/router-server.js:465:24)
    at async requestHandlerImpl (/Users/tiagocosta18/Documents/antigravity/blissful-rutherford/bullquant/node_modules/next/dist/server/lib/router-server.js:514:13)
    at async Server.requestListener (/Users/tiagocosta18/Documents/antigravity/blissful-rutherford/bullquant/node_modules/next/dist/server/lib/start-server.js:225:13)\nPrismaClientKnownRequestError: 
Invalid `__TURBOPACK__imported__module__$5b$project$5d2f$lib$2f$prisma$2e$ts__$5b$app$2d$route$5d$__$28$ecmascript$29$__["prisma"].managementProfile.findUnique()` invocation in
/Users/tiagocosta18/Documents/antigravity/blissful-rutherford/bullquant/.next/dev/server/chunks/[root-of-the-server]__0l_ik94._.js:160:170

  157     });
  158 }
  159 // 1. Check Cache
→ 160 const cached = await __TURBOPACK__imported__module__$5b$project$5d2f$lib$2f$prisma$2e$ts__$5b$app$2d$route$5d$__$28$ecmascript$29$__["prisma"].managementProfile.findUnique(
The column `management_profile.tenure` does not exist in the current database.\nPrismaClientKnownRequestError: 
Invalid `__TURBOPACK__imported__module__$5b$project$5d2f$lib$2f$prisma$2e$ts__$5b$app$2d$route$5d$__$28$ecmascript$29$__["prisma"].managementProfile.findUnique()` invocation in
/Users/tiagocosta18/Documents/antigravity/blissful-rutherford/bullquant/.next/dev/server/chunks/[root-of-the-server]__0l_ik94._.js:160:170

  157     });
  158 }
  159 // 1. Check Cache
→ 160 const cached = await __TURBOPACK__imported__module__$5b$project$5d2f$lib$2f$prisma$2e$ts__$5b$app$2d$route$5d$__$28$ecmascript$29$__["prisma"].managementProfile.findUnique(
The column `management_profile.tenure` does not exist in the current database.
    at ei.handleRequestError (/Users/tiagocosta18/Documents/antigravity/blissful-rutherford/bullquant/node_modules/@prisma/client/runtime/library.js:121:7268)
    at ei.handleAndLogRequestError (/Users/tiagocosta18/Documents/antigravity/blissful-rutherford/bullquant/node_modules/@prisma/client/runtime/library.js:121:6593)
    at ei.request (/Users/tiagocosta18/Documents/antigravity/blissful-rutherford/bullquant/node_modules/@prisma/client/runtime/library.js:121:6300)
    at async a (/Users/tiagocosta18/Documents/antigravity/blissful-rutherford/bullquant/node_modules/@prisma/client/runtime/library.js:130:9551)
    at async GET (/Users/tiagocosta18/Documents/antigravity/blissful-rutherford/bullquant/.next/dev/server/chunks/[root-of-the-server]__0l_ik94._.js:160:24)
    at async AppRouteRouteModule.do (/Users/tiagocosta18/Documents/antigravity/blissful-rutherford/bullquant/node_modules/next/dist/compiled/next-server/app-route-turbo.runtime.dev.js:5:40131)
    at async AppRouteRouteModule.handle (/Users/tiagocosta18/Documents/antigravity/blissful-rutherford/bullquant/node_modules/next/dist/compiled/next-server/app-route-turbo.runtime.dev.js:5:47411)
    at async responseGenerator (/Users/tiagocosta18/Documents/antigravity/blissful-rutherford/bullquant/.next/dev/server/chunks/node_modules_next_1ngz2-0._.js:17767:38)
    at async AppRouteRouteModule.handleResponse (/Users/tiagocosta18/Documents/antigravity/blissful-rutherford/bullquant/node_modules/next/dist/compiled/next-server/app-route-turbo.runtime.dev.js:1:228552)
    at async handleResponse (/Users/tiagocosta18/Documents/antigravity/blissful-rutherford/bullquant/.next/dev/server/chunks/node_modules_next_1ngz2-0._.js:17830:32)
    at async Module.handler (/Users/tiagocosta18/Documents/antigravity/blissful-rutherford/bullquant/.next/dev/server/chunks/node_modules_next_1ngz2-0._.js:17884:13)
    at async DevServer.renderToResponseWithComponentsImpl (/Users/tiagocosta18/Documents/antigravity/blissful-rutherford/bullquant/node_modules/next/dist/server/base-server.js:1462:9)
    at async DevServer.renderPageComponent (/Users/tiagocosta18/Documents/antigravity/blissful-rutherford/bullquant/node_modules/next/dist/server/base-server.js:1514:24)
    at async DevServer.renderToResponseImpl (/Users/tiagocosta18/Documents/antigravity/blissful-rutherford/bullquant/node_modules/next/dist/server/base-server.js:1564:32)
    at async DevServer.pipeImpl (/Users/tiagocosta18/Documents/antigravity/blissful-rutherford/bullquant/node_modules/next/dist/server/base-server.js:1044:25)
    at async NextNodeServer.handleCatchallRenderRequest (/Users/tiagocosta18/Documents/antigravity/blissful-rutherford/bullquant/node_modules/next/dist/server/next-server.js:338:17)
    at async DevServer.handleRequestImpl (/Users/tiagocosta18/Documents/antigravity/blissful-rutherford/bullquant/node_modules/next/dist/server/base-server.js:935:17)
    at async /Users/tiagocosta18/Documents/antigravity/blissful-rutherford/bullquant/node_modules/next/dist/server/dev/next-dev-server.js:394:20
    at async Span.traceAsyncFn (/Users/tiagocosta18/Documents/antigravity/blissful-rutherford/bullquant/node_modules/next/dist/trace/trace.js:164:20)
    at async DevServer.handleRequest (/Users/tiagocosta18/Documents/antigravity/blissful-rutherford/bullquant/node_modules/next/dist/server/dev/next-dev-server.js:390:24)
    at async invokeRender (/Users/tiagocosta18/Documents/antigravity/blissful-rutherford/bullquant/node_modules/next/dist/server/lib/router-server.js:266:21)
    at async handleRequest (/Users/tiagocosta18/Documents/antigravity/blissful-rutherford/bullquant/node_modules/next/dist/server/lib/router-server.js:465:24)
    at async requestHandlerImpl (/Users/tiagocosta18/Documents/antigravity/blissful-rutherford/bullquant/node_modules/next/dist/server/lib/router-server.js:514:13)
    at async Server.requestListener (/Users/tiagocosta18/Documents/antigravity/blissful-rutherford/bullquant/node_modules/next/dist/server/lib/start-server.js:225:13)\nPrismaClientKnownRequestError: 
Invalid `__TURBOPACK__imported__module__$5b$project$5d2f$lib$2f$prisma$2e$ts__$5b$app$2d$route$5d$__$28$ecmascript$29$__["prisma"].managementProfile.findUnique()` invocation in
/Users/tiagocosta18/Documents/antigravity/blissful-rutherford/bullquant/.next/dev/server/chunks/[root-of-the-server]__0l_ik94._.js:160:170

  157     });
  158 }
  159 // 1. Check Cache
→ 160 const cached = await __TURBOPACK__imported__module__$5b$project$5d2f$lib$2f$prisma$2e$ts__$5b$app$2d$route$5d$__$28$ecmascript$29$__["prisma"].managementProfile.findUnique(
The column `management_profile.tenure` does not exist in the current database.\nPrismaClientKnownRequestError: 
Invalid `__TURBOPACK__imported__module__$5b$project$5d2f$lib$2f$prisma$2e$ts__$5b$app$2d$route$5d$__$28$ecmascript$29$__["prisma"].managementProfile.findUnique()` invocation in
/Users/tiagocosta18/Documents/antigravity/blissful-rutherford/bullquant/.next/dev/server/chunks/[root-of-the-server]__0l_ik94._.js:160:170

  157     });
  158 }
  159 // 1. Check Cache
→ 160 const cached = await __TURBOPACK__imported__module__$5b$project$5d2f$lib$2f$prisma$2e$ts__$5b$app$2d$route$5d$__$28$ecmascript$29$__["prisma"].managementProfile.findUnique(
The column `management_profile.tenure` does not exist in the current database.
    at ei.handleRequestError (/Users/tiagocosta18/Documents/antigravity/blissful-rutherford/bullquant/node_modules/@prisma/client/runtime/library.js:121:7268)
    at ei.handleAndLogRequestError (/Users/tiagocosta18/Documents/antigravity/blissful-rutherford/bullquant/node_modules/@prisma/client/runtime/library.js:121:6593)
    at ei.request (/Users/tiagocosta18/Documents/antigravity/blissful-rutherford/bullquant/node_modules/@prisma/client/runtime/library.js:121:6300)
    at async a (/Users/tiagocosta18/Documents/antigravity/blissful-rutherford/bullquant/node_modules/@prisma/client/runtime/library.js:130:9551)
    at async GET (/Users/tiagocosta18/Documents/antigravity/blissful-rutherford/bullquant/.next/dev/server/chunks/[root-of-the-server]__0l_ik94._.js:160:24)
    at async AppRouteRouteModule.do (/Users/tiagocosta18/Documents/antigravity/blissful-rutherford/bullquant/node_modules/next/dist/compiled/next-server/app-route-turbo.runtime.dev.js:5:40131)
    at async AppRouteRouteModule.handle (/Users/tiagocosta18/Documents/antigravity/blissful-rutherford/bullquant/node_modules/next/dist/compiled/next-server/app-route-turbo.runtime.dev.js:5:47411)
    at async responseGenerator (/Users/tiagocosta18/Documents/antigravity/blissful-rutherford/bullquant/.next/dev/server/chunks/node_modules_next_1ngz2-0._.js:17767:38)
    at async AppRouteRouteModule.handleResponse (/Users/tiagocosta18/Documents/antigravity/blissful-rutherford/bullquant/node_modules/next/dist/compiled/next-server/app-route-turbo.runtime.dev.js:1:228552)
    at async handleResponse (/Users/tiagocosta18/Documents/antigravity/blissful-rutherford/bullquant/.next/dev/server/chunks/node_modules_next_1ngz2-0._.js:17830:32)
    at async Module.handler (/Users/tiagocosta18/Documents/antigravity/blissful-rutherford/bullquant/.next/dev/server/chunks/node_modules_next_1ngz2-0._.js:17884:13)
    at async DevServer.renderToResponseWithComponentsImpl (/Users/tiagocosta18/Documents/antigravity/blissful-rutherford/bullquant/node_modules/next/dist/server/base-server.js:1462:9)
    at async DevServer.renderPageComponent (/Users/tiagocosta18/Documents/antigravity/blissful-rutherford/bullquant/node_modules/next/dist/server/base-server.js:1514:24)
    at async DevServer.renderToResponseImpl (/Users/tiagocosta18/Documents/antigravity/blissful-rutherford/bullquant/node_modules/next/dist/server/base-server.js:1564:32)
    at async DevServer.pipeImpl (/Users/tiagocosta18/Documents/antigravity/blissful-rutherford/bullquant/node_modules/next/dist/server/base-server.js:1044:25)
    at async NextNodeServer.handleCatchallRenderRequest (/Users/tiagocosta18/Documents/antigravity/blissful-rutherford/bullquant/node_modules/next/dist/server/next-server.js:338:17)
    at async DevServer.handleRequestImpl (/Users/tiagocosta18/Documents/antigravity/blissful-rutherford/bullquant/node_modules/next/dist/server/base-server.js:935:17)
    at async /Users/tiagocosta18/Documents/antigravity/blissful-rutherford/bullquant/node_modules/next/dist/server/dev/next-dev-server.js:394:20
    at async Span.traceAsyncFn (/Users/tiagocosta18/Documents/antigravity/blissful-rutherford/bullquant/node_modules/next/dist/trace/trace.js:164:20)
    at async DevServer.handleRequest (/Users/tiagocosta18/Documents/antigravity/blissful-rutherford/bullquant/node_modules/next/dist/server/dev/next-dev-server.js:390:24)
    at async invokeRender (/Users/tiagocosta18/Documents/antigravity/blissful-rutherford/bullquant/node_modules/next/dist/server/lib/router-server.js:266:21)
    at async handleRequest (/Users/tiagocosta18/Documents/antigravity/blissful-rutherford/bullquant/node_modules/next/dist/server/lib/router-server.js:465:24)
    at async requestHandlerImpl (/Users/tiagocosta18/Documents/antigravity/blissful-rutherford/bullquant/node_modules/next/dist/server/lib/router-server.js:514:13)
    at async Server.requestListener (/Users/tiagocosta18/Documents/antigravity/blissful-rutherford/bullquant/node_modules/next/dist/server/lib/start-server.js:225:13)\nPrismaClientKnownRequestError: 
Invalid `__TURBOPACK__imported__module__$5b$project$5d2f$lib$2f$prisma$2e$ts__$5b$app$2d$route$5d$__$28$ecmascript$29$__["prisma"].managementProfile.findUnique()` invocation in
/Users/tiagocosta18/Documents/antigravity/blissful-rutherford/bullquant/.next/dev/server/chunks/[root-of-the-server]__0l_ik94._.js:160:170

  157     });
  158 }
  159 // 1. Check Cache
→ 160 const cached = await __TURBOPACK__imported__module__$5b$project$5d2f$lib$2f$prisma$2e$ts__$5b$app$2d$route$5d$__$28$ecmascript$29$__["prisma"].managementProfile.findUnique(
The column `management_profile.tenure` does not exist in the current database.\nPrismaClientKnownRequestError: 
Invalid `__TURBOPACK__imported__module__$5b$project$5d2f$lib$2f$prisma$2e$ts__$5b$app$2d$route$5d$__$28$ecmascript$29$__["prisma"].managementProfile.findUnique()` invocation in
/Users/tiagocosta18/Documents/antigravity/blissful-rutherford/bullquant/.next/dev/server/chunks/[root-of-the-server]__0l_ik94._.js:160:170

  157     });
  158 }
  159 // 1. Check Cache
→ 160 const cached = await __TURBOPACK__imported__module__$5b$project$5d2f$lib$2f$prisma$2e$ts__$5b$app$2d$route$5d$__$28$ecmascript$29$__["prisma"].managementProfile.findUnique(
The column `management_profile.tenure` does not exist in the current database.
    at ei.handleRequestError (/Users/tiagocosta18/Documents/antigravity/blissful-rutherford/bullquant/node_modules/@prisma/client/runtime/library.js:121:7268)
    at ei.handleAndLogRequestError (/Users/tiagocosta18/Documents/antigravity/blissful-rutherford/bullquant/node_modules/@prisma/client/runtime/library.js:121:6593)
    at ei.request (/Users/tiagocosta18/Documents/antigravity/blissful-rutherford/bullquant/node_modules/@prisma/client/runtime/library.js:121:6300)
    at async a (/Users/tiagocosta18/Documents/antigravity/blissful-rutherford/bullquant/node_modules/@prisma/client/runtime/library.js:130:9551)
    at async GET (/Users/tiagocosta18/Documents/antigravity/blissful-rutherford/bullquant/.next/dev/server/chunks/[root-of-the-server]__0l_ik94._.js:160:24)
    at async AppRouteRouteModule.do (/Users/tiagocosta18/Documents/antigravity/blissful-rutherford/bullquant/node_modules/next/dist/compiled/next-server/app-route-turbo.runtime.dev.js:5:40131)
    at async AppRouteRouteModule.handle (/Users/tiagocosta18/Documents/antigravity/blissful-rutherford/bullquant/node_modules/next/dist/compiled/next-server/app-route-turbo.runtime.dev.js:5:47411)
    at async responseGenerator (/Users/tiagocosta18/Documents/antigravity/blissful-rutherford/bullquant/.next/dev/server/chunks/node_modules_next_1ngz2-0._.js:17767:38)
    at async AppRouteRouteModule.handleResponse (/Users/tiagocosta18/Documents/antigravity/blissful-rutherford/bullquant/node_modules/next/dist/compiled/next-server/app-route-turbo.runtime.dev.js:1:228552)
    at async handleResponse (/Users/tiagocosta18/Documents/antigravity/blissful-rutherford/bullquant/.next/dev/server/chunks/node_modules_next_1ngz2-0._.js:17830:32)
    at async Module.handler (/Users/tiagocosta18/Documents/antigravity/blissful-rutherford/bullquant/.next/dev/server/chunks/node_modules_next_1ngz2-0._.js:17884:13)
    at async DevServer.renderToResponseWithComponentsImpl (/Users/tiagocosta18/Documents/antigravity/blissful-rutherford/bullquant/node_modules/next/dist/server/base-server.js:1462:9)
    at async DevServer.renderPageComponent (/Users/tiagocosta18/Documents/antigravity/blissful-rutherford/bullquant/node_modules/next/dist/server/base-server.js:1514:24)
    at async DevServer.renderToResponseImpl (/Users/tiagocosta18/Documents/antigravity/blissful-rutherford/bullquant/node_modules/next/dist/server/base-server.js:1564:32)
    at async DevServer.pipeImpl (/Users/tiagocosta18/Documents/antigravity/blissful-rutherford/bullquant/node_modules/next/dist/server/base-server.js:1044:25)
    at async NextNodeServer.handleCatchallRenderRequest (/Users/tiagocosta18/Documents/antigravity/blissful-rutherford/bullquant/node_modules/next/dist/server/next-server.js:338:17)
    at async DevServer.handleRequestImpl (/Users/tiagocosta18/Documents/antigravity/blissful-rutherford/bullquant/node_modules/next/dist/server/base-server.js:935:17)
    at async /Users/tiagocosta18/Documents/antigravity/blissful-rutherford/bullquant/node_modules/next/dist/server/dev/next-dev-server.js:394:20
    at async Span.traceAsyncFn (/Users/tiagocosta18/Documents/antigravity/blissful-rutherford/bullquant/node_modules/next/dist/trace/trace.js:164:20)
    at async DevServer.handleRequest (/Users/tiagocosta18/Documents/antigravity/blissful-rutherford/bullquant/node_modules/next/dist/server/dev/next-dev-server.js:390:24)
    at async invokeRender (/Users/tiagocosta18/Documents/antigravity/blissful-rutherford/bullquant/node_modules/next/dist/server/lib/router-server.js:266:21)
    at async handleRequest (/Users/tiagocosta18/Documents/antigravity/blissful-rutherford/bullquant/node_modules/next/dist/server/lib/router-server.js:465:24)
    at async requestHandlerImpl (/Users/tiagocosta18/Documents/antigravity/blissful-rutherford/bullquant/node_modules/next/dist/server/lib/router-server.js:514:13)
    at async Server.requestListener (/Users/tiagocosta18/Documents/antigravity/blissful-rutherford/bullquant/node_modules/next/dist/server/lib/start-server.js:225:13)\nPrismaClientKnownRequestError: 
Invalid `__TURBOPACK__imported__module__$5b$project$5d2f$lib$2f$prisma$2e$ts__$5b$app$2d$route$5d$__$28$ecmascript$29$__["prisma"].managementProfile.findUnique()` invocation in
/Users/tiagocosta18/Documents/antigravity/blissful-rutherford/bullquant/.next/dev/server/chunks/[root-of-the-server]__0l_ik94._.js:160:170

  157     });
  158 }
  159 // 1. Check Cache
→ 160 const cached = await __TURBOPACK__imported__module__$5b$project$5d2f$lib$2f$prisma$2e$ts__$5b$app$2d$route$5d$__$28$ecmascript$29$__["prisma"].managementProfile.findUnique(
The column `management_profile.tenure` does not exist in the current database.\nPrismaClientKnownRequestError: 
Invalid `__TURBOPACK__imported__module__$5b$project$5d2f$lib$2f$prisma$2e$ts__$5b$app$2d$route$5d$__$28$ecmascript$29$__["prisma"].managementProfile.findUnique()` invocation in
/Users/tiagocosta18/Documents/antigravity/blissful-rutherford/bullquant/.next/dev/server/chunks/[root-of-the-server]__0l_ik94._.js:160:170

  157     });
  158 }
  159 // 1. Check Cache
→ 160 const cached = await __TURBOPACK__imported__module__$5b$project$5d2f$lib$2f$prisma$2e$ts__$5b$app$2d$route$5d$__$28$ecmascript$29$__["prisma"].managementProfile.findUnique(
The column `management_profile.tenure` does not exist in the current database.
    at ei.handleRequestError (/Users/tiagocosta18/Documents/antigravity/blissful-rutherford/bullquant/node_modules/@prisma/client/runtime/library.js:121:7268)
    at ei.handleAndLogRequestError (/Users/tiagocosta18/Documents/antigravity/blissful-rutherford/bullquant/node_modules/@prisma/client/runtime/library.js:121:6593)
    at ei.request (/Users/tiagocosta18/Documents/antigravity/blissful-rutherford/bullquant/node_modules/@prisma/client/runtime/library.js:121:6300)
    at async a (/Users/tiagocosta18/Documents/antigravity/blissful-rutherford/bullquant/node_modules/@prisma/client/runtime/library.js:130:9551)
    at async GET (/Users/tiagocosta18/Documents/antigravity/blissful-rutherford/bullquant/.next/dev/server/chunks/[root-of-the-server]__0l_ik94._.js:160:24)
    at async AppRouteRouteModule.do (/Users/tiagocosta18/Documents/antigravity/blissful-rutherford/bullquant/node_modules/next/dist/compiled/next-server/app-route-turbo.runtime.dev.js:5:40131)
    at async AppRouteRouteModule.handle (/Users/tiagocosta18/Documents/antigravity/blissful-rutherford/bullquant/node_modules/next/dist/compiled/next-server/app-route-turbo.runtime.dev.js:5:47411)
    at async responseGenerator (/Users/tiagocosta18/Documents/antigravity/blissful-rutherford/bullquant/.next/dev/server/chunks/node_modules_next_1ngz2-0._.js:17767:38)
    at async AppRouteRouteModule.handleResponse (/Users/tiagocosta18/Documents/antigravity/blissful-rutherford/bullquant/node_modules/next/dist/compiled/next-server/app-route-turbo.runtime.dev.js:1:228552)
    at async handleResponse (/Users/tiagocosta18/Documents/antigravity/blissful-rutherford/bullquant/.next/dev/server/chunks/node_modules_next_1ngz2-0._.js:17830:32)
    at async Module.handler (/Users/tiagocosta18/Documents/antigravity/blissful-rutherford/bullquant/.next/dev/server/chunks/node_modules_next_1ngz2-0._.js:17884:13)
    at async DevServer.renderToResponseWithComponentsImpl (/Users/tiagocosta18/Documents/antigravity/blissful-rutherford/bullquant/node_modules/next/dist/server/base-server.js:1462:9)
    at async DevServer.renderPageComponent (/Users/tiagocosta18/Documents/antigravity/blissful-rutherford/bullquant/node_modules/next/dist/server/base-server.js:1514:24)
    at async DevServer.renderToResponseImpl (/Users/tiagocosta18/Documents/antigravity/blissful-rutherford/bullquant/node_modules/next/dist/server/base-server.js:1564:32)
    at async DevServer.pipeImpl (/Users/tiagocosta18/Documents/antigravity/blissful-rutherford/bullquant/node_modules/next/dist/server/base-server.js:1044:25)
    at async NextNodeServer.handleCatchallRenderRequest (/Users/tiagocosta18/Documents/antigravity/blissful-rutherford/bullquant/node_modules/next/dist/server/next-server.js:338:17)
    at async DevServer.handleRequestImpl (/Users/tiagocosta18/Documents/antigravity/blissful-rutherford/bullquant/node_modules/next/dist/server/base-server.js:935:17)
    at async /Users/tiagocosta18/Documents/antigravity/blissful-rutherford/bullquant/node_modules/next/dist/server/dev/next-dev-server.js:394:20
    at async Span.traceAsyncFn (/Users/tiagocosta18/Documents/antigravity/blissful-rutherford/bullquant/node_modules/next/dist/trace/trace.js:164:20)
    at async DevServer.handleRequest (/Users/tiagocosta18/Documents/antigravity/blissful-rutherford/bullquant/node_modules/next/dist/server/dev/next-dev-server.js:390:24)
    at async invokeRender (/Users/tiagocosta18/Documents/antigravity/blissful-rutherford/bullquant/node_modules/next/dist/server/lib/router-server.js:266:21)
    at async handleRequest (/Users/tiagocosta18/Documents/antigravity/blissful-rutherford/bullquant/node_modules/next/dist/server/lib/router-server.js:465:24)
    at async requestHandlerImpl (/Users/tiagocosta18/Documents/antigravity/blissful-rutherford/bullquant/node_modules/next/dist/server/lib/router-server.js:514:13)
    at async Server.requestListener (/Users/tiagocosta18/Documents/antigravity/blissful-rutherford/bullquant/node_modules/next/dist/server/lib/start-server.js:225:13)\n